<?xml version="1.0" encoding="UTF-8"?>
<!-- Generated by org.testng.reporters.JUnitReportReporter -->
<testsuite hostname="DDC5-L-F27HLTX" failures="0" tests="2" name="qaclick.Mavenjava.AppiumTest" time="0.000" errors="0" timestamp="2021-07-01T20:48:56 IST" skipped="0">
  <testcase classname="qaclick.Mavenjava.AppiumTest" name="NativeApps" time="0.000"/>
  <system-out/>
  <testcase classname="qaclick.Mavenjava.AppiumTest" name="IOSApps" time="0.000"/>
  <system-out/>
</testsuite> <!-- qaclick.Mavenjava.AppiumTest -->
