<?xml version="1.0" encoding="UTF-8"?>
<!-- Generated by org.testng.reporters.JUnitReportReporter -->
<testsuite hostname="DDC5-L-F27HLTX" failures="0" tests="3" name="qaclick.Mavenjava.ApiTest" time="0.013" errors="0" timestamp="2021-07-01T20:48:56 IST" skipped="0">
  <testcase classname="qaclick.Mavenjava.ApiTest" name="AddTwitter" time="0.011"/>
  <system-out/>
  <testcase classname="qaclick.Mavenjava.ApiTest" name="PostJira" time="0.001"/>
  <system-out/>
  <testcase classname="qaclick.Mavenjava.ApiTest" name="DeleteTwitter" time="0.001"/>
  <system-out/>
</testsuite> <!-- qaclick.Mavenjava.ApiTest -->
